{"D:\\JS_Learning\\rss-react\\src\\components\\NewsItem\\NewsItem.tsx": {"path":"D:\\JS_Learning\\rss-react\\src\\components\\NewsItem\\NewsItem.tsx","statementMap":{"0":{"start":{"line":2,"column":0},"end":{"line":2,"column":40}},"1":{"start":{"line":4,"column":0},"end":{"line":4,"column":67}},"2":{"start":{"line":7,"column":0},"end":{"line":7,"column":53}},"3":{"start":{"line":9,"column":18},"end":{"line":9,"column":30}},"4":{"start":{"line":10,"column":29},"end":{"line":10,"column":44}},"5":{"start":{"line":11,"column":27},"end":{"line":11,"column":40}},"6":{"start":{"line":46,"column":36},"end":{"line":46,"column":54}},"7":{"start":{"line":12,"column":24},"end":{"line":12,"column":34}},"8":{"start":{"line":46,"column":19},"end":{"line":46,"column":34}},"9":{"start":{"line":14,"column":17},"end":{"line":44,"column":1}},"10":{"start":{"line":20,"column":2},"end":{"line":43,"column":4}},"11":{"start":{"line":46,"column":9},"end":{"line":46,"column":17}}},"fnMap":{"0":{"name":"(anonymous_1)","decl":{"start":{"line":14,"column":17},"end":{"line":14,"column":18}},"loc":{"start":{"line":19,"column":31},"end":{"line":44,"column":1}}}},"branchMap":{},"s":{"0":1,"1":1,"2":1,"3":1,"4":1,"5":1,"6":1,"7":1,"8":1,"9":1,"10":0,"11":1},"f":{"0":0},"b":{}}
,"D:\\JS_Learning\\rss-react\\src\\components\\NewsList\\NewsList.tsx": {"path":"D:\\JS_Learning\\rss-react\\src\\components\\NewsList\\NewsList.tsx","statementMap":{"0":{"start":{"line":1,"column":0},"end":{"line":1,"column":46}},"1":{"start":{"line":3,"column":0},"end":{"line":3,"column":66}},"2":{"start":{"line":5,"column":0},"end":{"line":5,"column":59}},"3":{"start":{"line":7,"column":0},"end":{"line":7,"column":60}},"4":{"start":{"line":9,"column":0},"end":{"line":9,"column":53}},"5":{"start":{"line":11,"column":33},"end":{"line":11,"column":72}},"6":{"start":{"line":13,"column":17},"end":{"line":26,"column":1}},"7":{"start":{"line":14,"column":18},"end":{"line":14,"column":41}},"8":{"start":{"line":15,"column":34},"end":{"line":15,"column":59}},"9":{"start":{"line":17,"column":2},"end":{"line":25,"column":4}},"10":{"start":{"line":20,"column":8},"end":{"line":20,"column":70}},"11":{"start":{"line":28,"column":0},"end":{"line":28,"column":24}}},"fnMap":{"0":{"name":"(anonymous_1)","decl":{"start":{"line":13,"column":17},"end":{"line":13,"column":31}},"loc":{"start":{"line":13,"column":33},"end":{"line":26,"column":1}}},"1":{"name":"(anonymous_2)","decl":{"start":{"line":19,"column":18},"end":{"line":19,"column":19}},"loc":{"start":{"line":19,"column":53},"end":{"line":21,"column":7}}}},"branchMap":{"0":{"loc":{"start":{"line":17,"column":9},"end":{"line":24,"column":null}},"type":"cond-expr","locations":[{"start":{"line":18,"column":4},"end":{"line":21,"column":null}},{"start":{"line":24,"column":4},"end":{"line":24,"column":67}}]}},"s":{"0":1,"1":1,"2":1,"3":1,"4":1,"5":1,"6":1,"7":0,"8":0,"9":0,"10":0,"11":1},"f":{"0":0,"1":0},"b":{"0":[0,0]}}
,"D:\\JS_Learning\\rss-react\\src\\components\\Router\\Router.tsx": {"path":"D:\\JS_Learning\\rss-react\\src\\components\\Router\\Router.tsx","statementMap":{"0":{"start":{"line":1,"column":0},"end":{"line":1,"column":null}},"1":{"start":{"line":7,"column":0},"end":{"line":7,"column":76}},"2":{"start":{"line":8,"column":0},"end":{"line":8,"column":70}},"3":{"start":{"line":9,"column":0},"end":{"line":9,"column":48}},"4":{"start":{"line":10,"column":0},"end":{"line":10,"column":51}},"5":{"start":{"line":12,"column":0},"end":{"line":12,"column":null}},"6":{"start":{"line":13,"column":2},"end":{"line":13,"column":null}},"7":{"start":{"line":14,"column":2},"end":{"line":14,"column":null}},"8":{"start":{"line":17,"column":0},"end":{"line":17,"column":null}},"9":{"start":{"line":18,"column":2},"end":{"line":18,"column":null}},"10":{"start":{"line":19,"column":2},"end":{"line":19,"column":null}},"11":{"start":{"line":22,"column":15},"end":{"line":34,"column":null}},"12":{"start":{"line":37,"column":0},"end":{"line":37,"column":22}}},"fnMap":{"0":{"name":"(anonymous_1)","decl":{"start":{"line":12,"column":0},"end":{"line":12,"column":12}},"loc":{"start":{"line":12,"column":17},"end":{"line":15,"column":1}}},"1":{"name":"(anonymous_2)","decl":{"start":{"line":17,"column":0},"end":{"line":17,"column":12}},"loc":{"start":{"line":17,"column":19},"end":{"line":20,"column":1}}}},"branchMap":{"0":{"loc":{"start":{"line":12,"column":12},"end":{"line":12,"column":null}},"type":"binary-expr","locations":[{"start":{"line":12,"column":12},"end":{"line":12,"column":17}},{"start":{"line":12,"column":17},"end":{"line":12,"column":null}}]},"1":{"loc":{"start":{"line":17,"column":12},"end":{"line":17,"column":null}},"type":"binary-expr","locations":[{"start":{"line":17,"column":12},"end":{"line":17,"column":19}},{"start":{"line":17,"column":19},"end":{"line":17,"column":null}}]}},"s":{"0":1,"1":1,"2":1,"3":1,"4":1,"5":1,"6":1,"7":1,"8":1,"9":1,"10":1,"11":1,"12":1},"f":{"0":1,"1":1},"b":{"0":[1,1],"1":[1,1]}}
,"D:\\JS_Learning\\rss-react\\src\\components\\SearchBar\\SearchBar.tsx": {"path":"D:\\JS_Learning\\rss-react\\src\\components\\SearchBar\\SearchBar.tsx","statementMap":{"0":{"start":{"line":1,"column":0},"end":{"line":1,"column":56}},"1":{"start":{"line":2,"column":0},"end":{"line":2,"column":47}},"2":{"start":{"line":4,"column":0},"end":{"line":4,"column":68}},"3":{"start":{"line":6,"column":0},"end":{"line":6,"column":53}},"4":{"start":{"line":7,"column":0},"end":{"line":7,"column":53}},"5":{"start":{"line":8,"column":0},"end":{"line":8,"column":53}},"6":{"start":{"line":9,"column":0},"end":{"line":9,"column":53}},"7":{"start":{"line":10,"column":0},"end":{"line":10,"column":53}},"8":{"start":{"line":12,"column":0},"end":{"line":12,"column":null}},"9":{"start":{"line":18,"column":18},"end":{"line":80,"column":1}},"10":{"start":{"line":19,"column":18},"end":{"line":19,"column":41}},"11":{"start":{"line":21,"column":19},"end":{"line":21,"column":32}},"12":{"start":{"line":23,"column":31},"end":{"line":23,"column":46}},"13":{"start":{"line":24,"column":40},"end":{"line":24,"column":63}},"14":{"start":{"line":25,"column":32},"end":{"line":25,"column":55}},"15":{"start":{"line":27,"column":27},"end":{"line":30,"column":3}},"16":{"start":{"line":28,"column":4},"end":{"line":28,"column":32}},"17":{"start":{"line":29,"column":4},"end":{"line":29,"column":33}},"18":{"start":{"line":32,"column":30},"end":{"line":36,"column":3}},"19":{"start":{"line":35,"column":4},"end":{"line":35,"column":39}},"20":{"start":{"line":38,"column":26},"end":{"line":40,"column":3}},"21":{"start":{"line":39,"column":4},"end":{"line":39,"column":19}},"22":{"start":{"line":42,"column":25},"end":{"line":49,"column":3}},"23":{"start":{"line":45,"column":26},"end":{"line":45,"column":44}},"24":{"start":{"line":46,"column":4},"end":{"line":46,"column":22}},"25":{"start":{"line":47,"column":4},"end":{"line":47,"column":26}},"26":{"start":{"line":48,"column":4},"end":{"line":48,"column":33}},"27":{"start":{"line":51,"column":2},"end":{"line":51,"column":34}},"28":{"start":{"line":51,"column":16},"end":{"line":51,"column":34}},"29":{"start":{"line":53,"column":2},"end":{"line":79,"column":4}},"30":{"start":{"line":82,"column":0},"end":{"line":82,"column":25}}},"fnMap":{"0":{"name":"(anonymous_1)","decl":{"start":{"line":18,"column":18},"end":{"line":18,"column":32}},"loc":{"start":{"line":18,"column":34},"end":{"line":80,"column":1}}},"1":{"name":"(anonymous_2)","decl":{"start":{"line":27,"column":27},"end":{"line":27,"column":32}},"loc":{"start":{"line":27,"column":53},"end":{"line":30,"column":3}}},"2":{"name":"(anonymous_3)","decl":{"start":{"line":32,"column":30},"end":{"line":32,"column":null}},"loc":{"start":{"line":34,"column":12},"end":{"line":36,"column":3}}},"3":{"name":"(anonymous_4)","decl":{"start":{"line":38,"column":26},"end":{"line":38,"column":35}},"loc":{"start":{"line":38,"column":37},"end":{"line":40,"column":3}}},"4":{"name":"(anonymous_5)","decl":{"start":{"line":42,"column":25},"end":{"line":42,"column":null}},"loc":{"start":{"line":44,"column":12},"end":{"line":49,"column":3}}}},"branchMap":{"0":{"loc":{"start":{"line":51,"column":2},"end":{"line":51,"column":34}},"type":"if","locations":[{"start":{"line":51,"column":2},"end":{"line":51,"column":34}}]}},"s":{"0":1,"1":1,"2":1,"3":1,"4":1,"5":1,"6":1,"7":1,"8":1,"9":1,"10":0,"11":0,"12":0,"13":0,"14":0,"15":0,"16":0,"17":0,"18":0,"19":0,"20":0,"21":0,"22":0,"23":0,"24":0,"25":0,"26":0,"27":0,"28":0,"29":0,"30":1},"f":{"0":0,"1":0,"2":0,"3":0,"4":0},"b":{"0":[0]}}
,"D:\\JS_Learning\\rss-react\\src\\components\\SearchBar\\constants.ts": {"path":"D:\\JS_Learning\\rss-react\\src\\components\\SearchBar\\constants.ts","statementMap":{"0":{"start":{"line":3,"column":27},"end":{"line":3,"column":52}},"1":{"start":{"line":15,"column":9},"end":{"line":15,"column":27}},"2":{"start":{"line":4,"column":23},"end":{"line":4,"column":39}},"3":{"start":{"line":15,"column":29},"end":{"line":15,"column":43}},"4":{"start":{"line":6,"column":71},"end":{"line":13,"column":2}},"5":{"start":{"line":15,"column":45},"end":{"line":15,"column":58}}},"fnMap":{},"branchMap":{},"s":{"0":1,"1":1,"2":1,"3":1,"4":1,"5":1},"f":{},"b":{}}
,"D:\\JS_Learning\\rss-react\\src\\components\\UI\\Button\\Button.tsx": {"path":"D:\\JS_Learning\\rss-react\\src\\components\\UI\\Button\\Button.tsx","statementMap":{"0":{"start":{"line":4,"column":15},"end":{"line":6,"column":1}},"1":{"start":{"line":5,"column":2},"end":{"line":5,"column":48}},"2":{"start":{"line":8,"column":0},"end":{"line":8,"column":22}}},"fnMap":{"0":{"name":"(anonymous_0)","decl":{"start":{"line":4,"column":15},"end":{"line":4,"column":16}},"loc":{"start":{"line":4,"column":66},"end":{"line":6,"column":1}}}},"branchMap":{},"s":{"0":1,"1":0,"2":1},"f":{"0":0},"b":{}}
,"D:\\JS_Learning\\rss-react\\src\\components\\UI\\Input\\Input.tsx": {"path":"D:\\JS_Learning\\rss-react\\src\\components\\UI\\Input\\Input.tsx","statementMap":{"0":{"start":{"line":4,"column":14},"end":{"line":6,"column":1}},"1":{"start":{"line":5,"column":2},"end":{"line":5,"column":36}},"2":{"start":{"line":8,"column":0},"end":{"line":8,"column":21}}},"fnMap":{"0":{"name":"(anonymous_0)","decl":{"start":{"line":4,"column":14},"end":{"line":4,"column":15}},"loc":{"start":{"line":4,"column":47},"end":{"line":6,"column":1}}}},"branchMap":{},"s":{"0":1,"1":0,"2":1},"f":{"0":0},"b":{}}
,"D:\\JS_Learning\\rss-react\\src\\components\\UI\\Loader\\Loader.tsx": {"path":"D:\\JS_Learning\\rss-react\\src\\components\\UI\\Loader\\Loader.tsx","statementMap":{"0":{"start":{"line":3,"column":0},"end":{"line":3,"column":65}},"1":{"start":{"line":5,"column":15},"end":{"line":11,"column":1}},"2":{"start":{"line":6,"column":2},"end":{"line":10,"column":4}},"3":{"start":{"line":13,"column":0},"end":{"line":13,"column":22}}},"fnMap":{"0":{"name":"(anonymous_1)","decl":{"start":{"line":5,"column":15},"end":{"line":5,"column":29}},"loc":{"start":{"line":5,"column":31},"end":{"line":11,"column":1}}}},"branchMap":{},"s":{"0":1,"1":1,"2":0,"3":1},"f":{"0":0},"b":{}}
,"D:\\JS_Learning\\rss-react\\src\\components\\UI\\Pagination\\Pagination.tsx": {"path":"D:\\JS_Learning\\rss-react\\src\\components\\UI\\Pagination\\Pagination.tsx","statementMap":{"0":{"start":{"line":1,"column":0},"end":{"line":1,"column":43}},"1":{"start":{"line":2,"column":0},"end":{"line":2,"column":40}},"2":{"start":{"line":4,"column":0},"end":{"line":4,"column":73}},"3":{"start":{"line":6,"column":0},"end":{"line":6,"column":76}},"4":{"start":{"line":9,"column":19},"end":{"line":40,"column":1}},"5":{"start":{"line":15,"column":21},"end":{"line":15,"column":50}},"6":{"start":{"line":16,"column":28},"end":{"line":18,"column":null}},"7":{"start":{"line":17,"column":20},"end":{"line":17,"column":49}},"8":{"start":{"line":21,"column":2},"end":{"line":39,"column":4}},"9":{"start":{"line":24,"column":8},"end":{"line":36,"column":10}},"10":{"start":{"line":42,"column":0},"end":{"line":42,"column":26}}},"fnMap":{"0":{"name":"(anonymous_1)","decl":{"start":{"line":9,"column":19},"end":{"line":9,"column":20}},"loc":{"start":{"line":14,"column":33},"end":{"line":40,"column":1}}},"1":{"name":"(anonymous_2)","decl":{"start":{"line":17,"column":4},"end":{"line":17,"column":17}},"loc":{"start":{"line":17,"column":20},"end":{"line":17,"column":49}}},"2":{"name":"(anonymous_3)","decl":{"start":{"line":23,"column":19},"end":{"line":23,"column":20}},"loc":{"start":{"line":23,"column":48},"end":{"line":37,"column":7}}}},"branchMap":{"0":{"loc":{"start":{"line":29,"column":14},"end":{"line":31,"column":31}},"type":"cond-expr","locations":[{"start":{"line":30,"column":18},"end":{"line":30,"column":65}},{"start":{"line":31,"column":18},"end":{"line":31,"column":31}}]},"1":{"loc":{"start":{"line":29,"column":16},"end":{"line":29,"column":27}},"type":"binary-expr","locations":[{"start":{"line":29,"column":16},"end":{"line":29,"column":20}},{"start":{"line":29,"column":24},"end":{"line":29,"column":27}}]}},"s":{"0":1,"1":1,"2":1,"3":1,"4":1,"5":0,"6":0,"7":0,"8":0,"9":0,"10":1},"f":{"0":0,"1":0,"2":0},"b":{"0":[0,0],"1":[0,0]}}
,"D:\\JS_Learning\\rss-react\\src\\components\\UI\\Search\\Search.tsx": {"path":"D:\\JS_Learning\\rss-react\\src\\components\\UI\\Search\\Search.tsx","statementMap":{"0":{"start":{"line":3,"column":0},"end":{"line":3,"column":50}},"1":{"start":{"line":4,"column":0},"end":{"line":4,"column":53}},"2":{"start":{"line":6,"column":0},"end":{"line":6,"column":78}},"3":{"start":{"line":8,"column":15},"end":{"line":19,"column":1}},"4":{"start":{"line":13,"column":2},"end":{"line":18,"column":4}},"5":{"start":{"line":21,"column":0},"end":{"line":21,"column":22}}},"fnMap":{"0":{"name":"(anonymous_1)","decl":{"start":{"line":8,"column":15},"end":{"line":8,"column":16}},"loc":{"start":{"line":12,"column":29},"end":{"line":19,"column":1}}}},"branchMap":{},"s":{"0":1,"1":1,"2":1,"3":1,"4":0,"5":1},"f":{"0":0},"b":{}}
,"D:\\JS_Learning\\rss-react\\src\\components\\UI\\Search\\types.ts": {"path":"D:\\JS_Learning\\rss-react\\src\\components\\UI\\Search\\types.ts","statementMap":{"0":{"start":{"line":15,"column":13},"end":{"line":15,"column":40}}},"fnMap":{},"branchMap":{},"s":{"0":1},"f":{},"b":{}}
,"D:\\JS_Learning\\rss-react\\src\\components\\UI\\Select\\Select.tsx": {"path":"D:\\JS_Learning\\rss-react\\src\\components\\UI\\Select\\Select.tsx","statementMap":{"0":{"start":{"line":3,"column":0},"end":{"line":3,"column":53}},"1":{"start":{"line":7,"column":15},"end":{"line":27,"column":1}},"2":{"start":{"line":13,"column":2},"end":{"line":26,"column":4}},"3":{"start":{"line":19,"column":8},"end":{"line":23,"column":10}},"4":{"start":{"line":29,"column":0},"end":{"line":29,"column":22}}},"fnMap":{"0":{"name":"(anonymous_1)","decl":{"start":{"line":7,"column":15},"end":{"line":7,"column":16}},"loc":{"start":{"line":12,"column":30},"end":{"line":27,"column":1}}},"1":{"name":"(anonymous_2)","decl":{"start":{"line":18,"column":19},"end":{"line":18,"column":20}},"loc":{"start":{"line":18,"column":55},"end":{"line":24,"column":7}}}},"branchMap":{},"s":{"0":1,"1":1,"2":0,"3":0,"4":1},"f":{"0":0,"1":0},"b":{}}
,"D:\\JS_Learning\\rss-react\\src\\components\\layouts\\MainLayout\\MainLayout.tsx": {"path":"D:\\JS_Learning\\rss-react\\src\\components\\layouts\\MainLayout\\MainLayout.tsx","statementMap":{"0":{"start":{"line":2,"column":0},"end":{"line":2,"column":68}},"1":{"start":{"line":4,"column":0},"end":{"line":4,"column":78}},"2":{"start":{"line":6,"column":0},"end":{"line":6,"column":64}},"3":{"start":{"line":8,"column":0},"end":{"line":8,"column":53}},"4":{"start":{"line":9,"column":0},"end":{"line":9,"column":39}},"5":{"start":{"line":11,"column":19},"end":{"line":36,"column":1}},"6":{"start":{"line":12,"column":19},"end":{"line":12,"column":32}},"7":{"start":{"line":13,"column":19},"end":{"line":13,"column":32}},"8":{"start":{"line":15,"column":26},"end":{"line":28,"column":3}},"9":{"start":{"line":16,"column":25},"end":{"line":16,"column":42}},"10":{"start":{"line":18,"column":4},"end":{"line":18,"column":46}},"11":{"start":{"line":18,"column":39},"end":{"line":18,"column":46}},"12":{"start":{"line":19,"column":4},"end":{"line":23,"column":null}},"13":{"start":{"line":20,"column":27},"end":{"line":20,"column":44}},"14":{"start":{"line":21,"column":35},"end":{"line":21,"column":78}},"15":{"start":{"line":22,"column":6},"end":{"line":22,"column":40}},"16":{"start":{"line":22,"column":33},"end":{"line":22,"column":40}},"17":{"start":{"line":25,"column":28},"end":{"line":25,"column":55}},"18":{"start":{"line":27,"column":4},"end":{"line":27,"column":22}},"19":{"start":{"line":30,"column":2},"end":{"line":35,"column":4}},"20":{"start":{"line":38,"column":0},"end":{"line":38,"column":26}}},"fnMap":{"0":{"name":"(anonymous_1)","decl":{"start":{"line":11,"column":19},"end":{"line":11,"column":33}},"loc":{"start":{"line":11,"column":35},"end":{"line":36,"column":1}}},"1":{"name":"(anonymous_2)","decl":{"start":{"line":15,"column":26},"end":{"line":15,"column":27}},"loc":{"start":{"line":15,"column":76},"end":{"line":28,"column":3}}}},"branchMap":{"0":{"loc":{"start":{"line":18,"column":4},"end":{"line":18,"column":46}},"type":"if","locations":[{"start":{"line":18,"column":4},"end":{"line":18,"column":46}}]},"1":{"loc":{"start":{"line":19,"column":4},"end":{"line":23,"column":null}},"type":"if","locations":[{"start":{"line":19,"column":4},"end":{"line":23,"column":null}}]},"2":{"loc":{"start":{"line":22,"column":6},"end":{"line":22,"column":40}},"type":"if","locations":[{"start":{"line":22,"column":6},"end":{"line":22,"column":40}}]}},"s":{"0":1,"1":1,"2":1,"3":1,"4":1,"5":1,"6":0,"7":0,"8":0,"9":0,"10":0,"11":0,"12":0,"13":0,"14":0,"15":0,"16":0,"17":0,"18":0,"19":0,"20":1},"f":{"0":0,"1":0},"b":{"0":[0],"1":[0],"2":[0]}}
,"D:\\JS_Learning\\rss-react\\src\\components\\layouts\\RouterLayout\\RouterLayout.tsx": {"path":"D:\\JS_Learning\\rss-react\\src\\components\\layouts\\RouterLayout\\RouterLayout.tsx","statementMap":{"0":{"start":{"line":2,"column":0},"end":{"line":2,"column":51}},"1":{"start":{"line":4,"column":0},"end":{"line":4,"column":63}},"2":{"start":{"line":6,"column":14},"end":{"line":6,"column":28}},"3":{"start":{"line":8,"column":21},"end":{"line":23,"column":1}},"4":{"start":{"line":9,"column":2},"end":{"line":22,"column":4}},"5":{"start":{"line":25,"column":0},"end":{"line":25,"column":28}}},"fnMap":{"0":{"name":"(anonymous_0)","decl":{"start":{"line":8,"column":21},"end":{"line":8,"column":35}},"loc":{"start":{"line":8,"column":37},"end":{"line":23,"column":1}}}},"branchMap":{},"s":{"0":1,"1":1,"2":1,"3":1,"4":0,"5":1},"f":{"0":0},"b":{}}
,"D:\\JS_Learning\\rss-react\\src\\hooks\\useFetching.ts": {"path":"D:\\JS_Learning\\rss-react\\src\\hooks\\useFetching.ts","statementMap":{"0":{"start":{"line":1,"column":0},"end":{"line":1,"column":33}},"1":{"start":{"line":3,"column":20},"end":{"line":24,"column":1}},"2":{"start":{"line":4,"column":34},"end":{"line":4,"column":49}},"3":{"start":{"line":6,"column":19},"end":{"line":21,"column":3}},"4":{"start":{"line":9,"column":4},"end":{"line":20,"column":null}},"5":{"start":{"line":10,"column":6},"end":{"line":10,"column":23}},"6":{"start":{"line":11,"column":6},"end":{"line":11,"column":30}},"7":{"start":{"line":13,"column":6},"end":{"line":17,"column":null}},"8":{"start":{"line":14,"column":8},"end":{"line":14,"column":20}},"9":{"start":{"line":16,"column":8},"end":{"line":16,"column":57}},"10":{"start":{"line":19,"column":6},"end":{"line":19,"column":24}},"11":{"start":{"line":23,"column":2},"end":{"line":23,"column":31}},"12":{"start":{"line":31,"column":9},"end":{"line":31,"column":20}}},"fnMap":{"0":{"name":"(anonymous_0)","decl":{"start":{"line":3,"column":20},"end":{"line":3,"column":21}},"loc":{"start":{"line":3,"column":74},"end":{"line":24,"column":1}}},"1":{"name":"(anonymous_1)","decl":{"start":{"line":6,"column":19},"end":{"line":6,"column":24}},"loc":{"start":{"line":8,"column":21},"end":{"line":21,"column":3}}}},"branchMap":{"0":{"loc":{"start":{"line":13,"column":6},"end":{"line":17,"column":null}},"type":"if","locations":[{"start":{"line":13,"column":6},"end":{"line":17,"column":null}},{"start":{"line":15,"column":13},"end":{"line":17,"column":null}}]}},"s":{"0":1,"1":1,"2":0,"3":0,"4":0,"5":0,"6":0,"7":0,"8":0,"9":0,"10":0,"11":0,"12":1},"f":{"0":0,"1":0},"b":{"0":[0,0]}}
,"D:\\JS_Learning\\rss-react\\src\\pages\\Details\\Details.tsx": {"path":"D:\\JS_Learning\\rss-react\\src\\pages\\Details\\Details.tsx","statementMap":{"0":{"start":{"line":1,"column":0},"end":{"line":1,"column":55}},"1":{"start":{"line":2,"column":0},"end":{"line":2,"column":71}},"2":{"start":{"line":4,"column":0},"end":{"line":4,"column":58}},"3":{"start":{"line":5,"column":0},"end":{"line":5,"column":77}},"4":{"start":{"line":6,"column":0},"end":{"line":6,"column":75}},"5":{"start":{"line":9,"column":0},"end":{"line":9,"column":64}},"6":{"start":{"line":10,"column":0},"end":{"line":10,"column":52}},"7":{"start":{"line":11,"column":0},"end":{"line":11,"column":61}},"8":{"start":{"line":12,"column":0},"end":{"line":12,"column":64}},"9":{"start":{"line":14,"column":0},"end":{"line":14,"column":53}},"10":{"start":{"line":15,"column":0},"end":{"line":15,"column":53}},"11":{"start":{"line":17,"column":0},"end":{"line":17,"column":45}},"12":{"start":{"line":18,"column":0},"end":{"line":18,"column":null}},"13":{"start":{"line":28,"column":0},"end":{"line":28,"column":null}},"14":{"start":{"line":33,"column":16},"end":{"line":117,"column":1}},"15":{"start":{"line":34,"column":23},"end":{"line":34,"column":34}},"16":{"start":{"line":36,"column":19},"end":{"line":36,"column":32}},"17":{"start":{"line":38,"column":19},"end":{"line":38,"column":32}},"18":{"start":{"line":40,"column":32},"end":{"line":40,"column":57}},"19":{"start":{"line":42,"column":2},"end":{"line":42,"column":49}},"20":{"start":{"line":42,"column":11},"end":{"line":42,"column":49}},"21":{"start":{"line":44,"column":32},"end":{"line":52,"column":4}},"22":{"start":{"line":45,"column":30},"end":{"line":45,"column":75}},"23":{"start":{"line":46,"column":29},"end":{"line":49,"column":null}},"24":{"start":{"line":51,"column":4},"end":{"line":51,"column":24}},"25":{"start":{"line":54,"column":2},"end":{"line":56,"column":11}},"26":{"start":{"line":55,"column":4},"end":{"line":55,"column":15}},"27":{"start":{"line":58,"column":21},"end":{"line":62,"column":3}},"28":{"start":{"line":59,"column":25},"end":{"line":59,"column":42}},"29":{"start":{"line":60,"column":28},"end":{"line":60,"column":55}},"30":{"start":{"line":61,"column":4},"end":{"line":61,"column":22}},"31":{"start":{"line":64,"column":25},"end":{"line":66,"column":3}},"32":{"start":{"line":65,"column":4},"end":{"line":65,"column":24}},"33":{"start":{"line":68,"column":2},"end":{"line":116,"column":4}},"34":{"start":{"line":119,"column":0},"end":{"line":119,"column":23}}},"fnMap":{"0":{"name":"(anonymous_1)","decl":{"start":{"line":33,"column":16},"end":{"line":33,"column":30}},"loc":{"start":{"line":33,"column":32},"end":{"line":117,"column":1}}},"1":{"name":"(anonymous_2)","decl":{"start":{"line":44,"column":44},"end":{"line":44,"column":49}},"loc":{"start":{"line":44,"column":70},"end":{"line":52,"column":3}}},"2":{"name":"(anonymous_3)","decl":{"start":{"line":54,"column":12},"end":{"line":54,"column":15}},"loc":{"start":{"line":54,"column":17},"end":{"line":56,"column":3}}},"3":{"name":"(anonymous_4)","decl":{"start":{"line":58,"column":21},"end":{"line":58,"column":30}},"loc":{"start":{"line":58,"column":32},"end":{"line":62,"column":3}}},"4":{"name":"(anonymous_5)","decl":{"start":{"line":64,"column":25},"end":{"line":64,"column":26}},"loc":{"start":{"line":64,"column":68},"end":{"line":66,"column":3}}}},"branchMap":{"0":{"loc":{"start":{"line":42,"column":2},"end":{"line":42,"column":49}},"type":"if","locations":[{"start":{"line":42,"column":2},"end":{"line":42,"column":49}}]},"1":{"loc":{"start":{"line":45,"column":38},"end":{"line":45,"column":54}},"type":"cond-expr","locations":[{"start":{"line":45,"column":45},"end":{"line":45,"column":50}},{"start":{"line":45,"column":53},"end":{"line":45,"column":54}}]},"2":{"loc":{"start":{"line":48,"column":6},"end":{"line":48,"column":17}},"type":"binary-expr","locations":[{"start":{"line":48,"column":6},"end":{"line":48,"column":10}},{"start":{"line":48,"column":14},"end":{"line":48,"column":17}}]},"3":{"loc":{"start":{"line":70,"column":7},"end":{"line":113,"column":null}},"type":"cond-expr","locations":[{"start":{"line":71,"column":8},"end":{"line":71,"column":18}},{"start":{"line":73,"column":8},"end":{"line":112,"column":null}}]},"4":{"loc":{"start":{"line":76,"column":17},"end":{"line":76,"column":49}},"type":"binary-expr","locations":[{"start":{"line":76,"column":17},"end":{"line":76,"column":35}},{"start":{"line":76,"column":39},"end":{"line":76,"column":49}}]}},"s":{"0":1,"1":1,"2":1,"3":1,"4":1,"5":1,"6":1,"7":1,"8":1,"9":1,"10":1,"11":1,"12":1,"13":1,"14":1,"15":0,"16":0,"17":0,"18":0,"19":0,"20":0,"21":0,"22":0,"23":0,"24":0,"25":0,"26":0,"27":0,"28":0,"29":0,"30":0,"31":0,"32":0,"33":0,"34":1},"f":{"0":0,"1":0,"2":0,"3":0,"4":0},"b":{"0":[0],"1":[0,0],"2":[0,0],"3":[0,0],"4":[0,0]}}
,"D:\\JS_Learning\\rss-react\\src\\pages\\Details\\constants.ts": {"path":"D:\\JS_Learning\\rss-react\\src\\pages\\Details\\constants.ts","statementMap":{"0":{"start":{"line":3,"column":21},"end":{"line":3,"column":31}},"1":{"start":{"line":26,"column":2},"end":{"line":26,"column":14}},"2":{"start":{"line":4,"column":25},"end":{"line":4,"column":36}},"3":{"start":{"line":27,"column":2},"end":{"line":27,"column":18}},"4":{"start":{"line":5,"column":20},"end":{"line":5,"column":27}},"5":{"start":{"line":28,"column":2},"end":{"line":28,"column":13}},"6":{"start":{"line":6,"column":17},"end":{"line":6,"column":25}},"7":{"start":{"line":29,"column":2},"end":{"line":29,"column":10}},"8":{"start":{"line":7,"column":17},"end":{"line":7,"column":32}},"9":{"start":{"line":30,"column":2},"end":{"line":30,"column":10}},"10":{"start":{"line":8,"column":33},"end":{"line":8,"column":36}},"11":{"start":{"line":31,"column":2},"end":{"line":31,"column":26}},"12":{"start":{"line":9,"column":18},"end":{"line":9,"column":58}},"13":{"start":{"line":32,"column":2},"end":{"line":32,"column":11}},"14":{"start":{"line":11,"column":33},"end":{"line":23,"column":2}},"15":{"start":{"line":33,"column":2},"end":{"line":33,"column":17}}},"fnMap":{},"branchMap":{},"s":{"0":1,"1":1,"2":1,"3":1,"4":1,"5":1,"6":1,"7":1,"8":1,"9":1,"10":1,"11":1,"12":1,"13":1,"14":1,"15":1},"f":{},"b":{}}
,"D:\\JS_Learning\\rss-react\\src\\pages\\News\\News.tsx": {"path":"D:\\JS_Learning\\rss-react\\src\\pages\\News\\News.tsx","statementMap":{"0":{"start":{"line":1,"column":0},"end":{"line":1,"column":45}},"1":{"start":{"line":2,"column":0},"end":{"line":2,"column":45}},"2":{"start":{"line":4,"column":0},"end":{"line":4,"column":53}},"3":{"start":{"line":6,"column":0},"end":{"line":6,"column":52}},"4":{"start":{"line":7,"column":0},"end":{"line":7,"column":62}},"5":{"start":{"line":9,"column":0},"end":{"line":9,"column":57}},"6":{"start":{"line":11,"column":0},"end":{"line":11,"column":56}},"7":{"start":{"line":12,"column":0},"end":{"line":12,"column":53}},"8":{"start":{"line":13,"column":0},"end":{"line":13,"column":65}},"9":{"start":{"line":14,"column":0},"end":{"line":14,"column":53}},"10":{"start":{"line":15,"column":0},"end":{"line":15,"column":53}},"11":{"start":{"line":17,"column":0},"end":{"line":17,"column":59}},"12":{"start":{"line":19,"column":0},"end":{"line":19,"column":null}},"13":{"start":{"line":24,"column":13},"end":{"line":55,"column":1}},"14":{"start":{"line":25,"column":19},"end":{"line":25,"column":30}},"15":{"start":{"line":27,"column":32},"end":{"line":27,"column":52}},"16":{"start":{"line":29,"column":32},"end":{"line":37,"column":4}},"17":{"start":{"line":30,"column":29},"end":{"line":30,"column":36}},"18":{"start":{"line":31,"column":20},"end":{"line":31,"column":40}},"19":{"start":{"line":32,"column":34},"end":{"line":32,"column":74}},"20":{"start":{"line":33,"column":4},"end":{"line":33,"column":47}},"21":{"start":{"line":34,"column":4},"end":{"line":34,"column":42}},"22":{"start":{"line":35,"column":4},"end":{"line":35,"column":27}},"23":{"start":{"line":36,"column":4},"end":{"line":36,"column":42}},"24":{"start":{"line":39,"column":2},"end":{"line":41,"column":43}},"25":{"start":{"line":40,"column":4},"end":{"line":40,"column":15}},"26":{"start":{"line":43,"column":2},"end":{"line":54,"column":4}},"27":{"start":{"line":57,"column":0},"end":{"line":57,"column":20}}},"fnMap":{"0":{"name":"(anonymous_1)","decl":{"start":{"line":24,"column":13},"end":{"line":24,"column":27}},"loc":{"start":{"line":24,"column":29},"end":{"line":55,"column":1}}},"1":{"name":"(anonymous_2)","decl":{"start":{"line":29,"column":44},"end":{"line":29,"column":49}},"loc":{"start":{"line":29,"column":70},"end":{"line":37,"column":3}}},"2":{"name":"(anonymous_3)","decl":{"start":{"line":39,"column":12},"end":{"line":39,"column":15}},"loc":{"start":{"line":39,"column":17},"end":{"line":41,"column":3}}}},"branchMap":{"0":{"loc":{"start":{"line":31,"column":20},"end":{"line":31,"column":40}},"type":"binary-expr","locations":[{"start":{"line":31,"column":20},"end":{"line":31,"column":24}},{"start":{"line":31,"column":28},"end":{"line":31,"column":40}}]},"1":{"loc":{"start":{"line":33,"column":23},"end":{"line":33,"column":46}},"type":"binary-expr","locations":[{"start":{"line":33,"column":23},"end":{"line":33,"column":40}},{"start":{"line":33,"column":44},"end":{"line":33,"column":46}}]},"2":{"loc":{"start":{"line":50,"column":9},"end":{"line":50,"column":46}},"type":"cond-expr","locations":[{"start":{"line":50,"column":21},"end":{"line":50,"column":31}},{"start":{"line":50,"column":34},"end":{"line":50,"column":46}}]}},"s":{"0":1,"1":1,"2":1,"3":1,"4":1,"5":1,"6":1,"7":1,"8":1,"9":1,"10":1,"11":1,"12":1,"13":1,"14":0,"15":0,"16":0,"17":0,"18":0,"19":0,"20":0,"21":0,"22":0,"23":0,"24":0,"25":0,"26":0,"27":1},"f":{"0":0,"1":0,"2":0},"b":{"0":[0,0],"1":[0,0],"2":[0,0]}}
,"D:\\JS_Learning\\rss-react\\src\\pages\\News\\NewsContext.ts": {"path":"D:\\JS_Learning\\rss-react\\src\\pages\\News\\NewsContext.ts","statementMap":{"0":{"start":{"line":1,"column":0},"end":{"line":1,"column":38}},"1":{"start":{"line":2,"column":0},"end":{"line":2,"column":64}},"2":{"start":{"line":6,"column":2},"end":{"line":6,"column":37}},"3":{"start":{"line":8,"column":0},"end":{"line":8,"column":27}}},"fnMap":{},"branchMap":{},"s":{"0":1,"1":1,"2":1,"3":1},"f":{},"b":{}}
,"D:\\JS_Learning\\rss-react\\src\\pages\\News\\constants.ts": {"path":"D:\\JS_Learning\\rss-react\\src\\pages\\News\\constants.ts","statementMap":{"0":{"start":{"line":2,"column":0},"end":{"line":2,"column":64}},"1":{"start":{"line":4,"column":33},"end":{"line":4,"column":49}},"2":{"start":{"line":12,"column":9},"end":{"line":12,"column":33}},"3":{"start":{"line":6,"column":43},"end":{"line":10,"column":2}},"4":{"start":{"line":12,"column":35},"end":{"line":12,"column":55}}},"fnMap":{},"branchMap":{},"s":{"0":1,"1":1,"2":1,"3":1,"4":1},"f":{},"b":{}}
,"D:\\JS_Learning\\rss-react\\src\\pages\\NotFound\\NotFound.tsx": {"path":"D:\\JS_Learning\\rss-react\\src\\pages\\NotFound\\NotFound.tsx","statementMap":{"0":{"start":{"line":2,"column":0},"end":{"line":2,"column":40}},"1":{"start":{"line":4,"column":0},"end":{"line":4,"column":71}},"2":{"start":{"line":5,"column":0},"end":{"line":5,"column":53}},"3":{"start":{"line":7,"column":25},"end":{"line":7,"column":46}},"4":{"start":{"line":8,"column":17},"end":{"line":8,"column":31}},"5":{"start":{"line":10,"column":17},"end":{"line":19,"column":1}},"6":{"start":{"line":11,"column":2},"end":{"line":18,"column":4}},"7":{"start":{"line":21,"column":0},"end":{"line":21,"column":24}}},"fnMap":{"0":{"name":"(anonymous_1)","decl":{"start":{"line":10,"column":17},"end":{"line":10,"column":31}},"loc":{"start":{"line":10,"column":33},"end":{"line":19,"column":1}}}},"branchMap":{},"s":{"0":1,"1":1,"2":1,"3":1,"4":1,"5":1,"6":0,"7":1},"f":{"0":0},"b":{}}
,"D:\\JS_Learning\\rss-react\\src\\utils\\MainPageUtils.ts": {"path":"D:\\JS_Learning\\rss-react\\src\\utils\\MainPageUtils.ts","statementMap":{"0":{"start":{"line":1,"column":0},"end":{"line":1,"column":53}},"1":{"start":{"line":3,"column":30},"end":{"line":5,"column":1}},"2":{"start":{"line":4,"column":2},"end":{"line":4,"column":63}},"3":{"start":{"line":7,"column":9},"end":{"line":7,"column":30}}},"fnMap":{"0":{"name":"(anonymous_0)","decl":{"start":{"line":3,"column":30},"end":{"line":3,"column":31}},"loc":{"start":{"line":3,"column":55},"end":{"line":5,"column":1}}}},"branchMap":{"0":{"loc":{"start":{"line":4,"column":9},"end":{"line":4,"column":62}},"type":"binary-expr","locations":[{"start":{"line":4,"column":9},"end":{"line":4,"column":55}},{"start":{"line":4,"column":59},"end":{"line":4,"column":62}}]}},"s":{"0":1,"1":1,"2":2,"3":1},"f":{"0":2},"b":{"0":[2,1]}}
,"D:\\JS_Learning\\rss-react\\src\\utils\\NewsPageUtils.ts": {"path":"D:\\JS_Learning\\rss-react\\src\\utils\\NewsPageUtils.ts","statementMap":{"0":{"start":{"line":3,"column":0},"end":{"line":3,"column":72}},"1":{"start":{"line":5,"column":0},"end":{"line":5,"column":68}},"2":{"start":{"line":6,"column":25},"end":{"line":19,"column":1}},"3":{"start":{"line":11,"column":2},"end":{"line":18,"column":5}},"4":{"start":{"line":12,"column":4},"end":{"line":17,"column":6}},"5":{"start":{"line":43,"column":9},"end":{"line":43,"column":25}},"6":{"start":{"line":21,"column":23},"end":{"line":24,"column":1}},"7":{"start":{"line":22,"column":2},"end":{"line":22,"column":74}},"8":{"start":{"line":23,"column":2},"end":{"line":23,"column":34}},"9":{"start":{"line":43,"column":27},"end":{"line":43,"column":41}},"10":{"start":{"line":26,"column":26},"end":{"line":35,"column":1}},"11":{"start":{"line":27,"column":27},"end":{"line":27,"column":29}},"12":{"start":{"line":28,"column":16},"end":{"line":28,"column":17}},"13":{"start":{"line":30,"column":2},"end":{"line":33,"column":null}},"14":{"start":{"line":31,"column":4},"end":{"line":31,"column":25}},"15":{"start":{"line":32,"column":4},"end":{"line":32,"column":14}},"16":{"start":{"line":34,"column":2},"end":{"line":34,"column":16}},"17":{"start":{"line":43,"column":43},"end":{"line":43,"column":60}},"18":{"start":{"line":37,"column":23},"end":{"line":41,"column":1}},"19":{"start":{"line":38,"column":2},"end":{"line":38,"column":28}},"20":{"start":{"line":39,"column":2},"end":{"line":39,"column":26}},"21":{"start":{"line":40,"column":2},"end":{"line":40,"column":28}},"22":{"start":{"line":43,"column":62},"end":{"line":43,"column":76}}},"fnMap":{"0":{"name":"(anonymous_0)","decl":{"start":{"line":6,"column":25},"end":{"line":6,"column":26}},"loc":{"start":{"line":10,"column":36},"end":{"line":19,"column":1}}},"1":{"name":"(anonymous_1)","decl":{"start":{"line":11,"column":22},"end":{"line":11,"column":23}},"loc":{"start":{"line":11,"column":68},"end":{"line":18,"column":3}}},"2":{"name":"(anonymous_2)","decl":{"start":{"line":21,"column":23},"end":{"line":21,"column":24}},"loc":{"start":{"line":21,"column":64},"end":{"line":24,"column":1}}},"3":{"name":"(anonymous_3)","decl":{"start":{"line":26,"column":26},"end":{"line":26,"column":27}},"loc":{"start":{"line":26,"column":60},"end":{"line":35,"column":1}}},"4":{"name":"(anonymous_4)","decl":{"start":{"line":37,"column":23},"end":{"line":37,"column":24}},"loc":{"start":{"line":37,"column":76},"end":{"line":41,"column":1}}}},"branchMap":{"0":{"loc":{"start":{"line":14,"column":19},"end":{"line":14,"column":45}},"type":"binary-expr","locations":[{"start":{"line":14,"column":19},"end":{"line":14,"column":35}},{"start":{"line":14,"column":39},"end":{"line":14,"column":45}}]},"1":{"loc":{"start":{"line":16,"column":14},"end":{"line":16,"column":35}},"type":"binary-expr","locations":[{"start":{"line":16,"column":14},"end":{"line":16,"column":25}},{"start":{"line":16,"column":29},"end":{"line":16,"column":35}}]},"2":{"loc":{"start":{"line":22,"column":10},"end":{"line":22,"column":73}},"type":"cond-expr","locations":[{"start":{"line":22,"column":43},"end":{"line":22,"column":65}},{"start":{"line":22,"column":68},"end":{"line":22,"column":73}}]}},"s":{"0":1,"1":1,"2":1,"3":0,"4":0,"5":1,"6":1,"7":0,"8":0,"9":1,"10":1,"11":0,"12":0,"13":0,"14":0,"15":0,"16":0,"17":1,"18":1,"19":0,"20":0,"21":0,"22":1},"f":{"0":0,"1":0,"2":0,"3":0,"4":0},"b":{"0":[0,0],"1":[0,0],"2":[0,0]}}
,"D:\\JS_Learning\\rss-react\\src\\utils\\APIWorking\\APIWorking.ts": {"path":"D:\\JS_Learning\\rss-react\\src\\utils\\APIWorking\\APIWorking.ts","statementMap":{"0":{"start":{"line":2,"column":0},"end":{"line":2,"column":60}},"1":{"start":{"line":3,"column":0},"end":{"line":3,"column":57}},"2":{"start":{"line":8,"column":2},"end":{"line":13,"column":null}},"3":{"start":{"line":9,"column":4},"end":{"line":9,"column":49}},"4":{"start":{"line":10,"column":4},"end":{"line":10,"column":56}},"5":{"start":{"line":12,"column":4},"end":{"line":12,"column":52}},"6":{"start":{"line":15,"column":2},"end":{"line":15,"column":69}},"7":{"start":{"line":16,"column":2},"end":{"line":16,"column":62}},"8":{"start":{"line":17,"column":2},"end":{"line":17,"column":63}},"9":{"start":{"line":18,"column":2},"end":{"line":18,"column":67}},"10":{"start":{"line":20,"column":2},"end":{"line":20,"column":13}},"11":{"start":{"line":28,"column":29},"end":{"line":28,"column":69}},"12":{"start":{"line":29,"column":35},"end":{"line":29,"column":56}},"13":{"start":{"line":30,"column":2},"end":{"line":30,"column":21}},"14":{"start":{"line":23,"column":0},"end":{"line":23,"column":7}},"15":{"start":{"line":38,"column":20},"end":{"line":38,"column":25}},"16":{"start":{"line":39,"column":29},"end":{"line":39,"column":69}},"17":{"start":{"line":40,"column":35},"end":{"line":40,"column":56}},"18":{"start":{"line":41,"column":42},"end":{"line":41,"column":62}},"19":{"start":{"line":42,"column":2},"end":{"line":42,"column":57}},"20":{"start":{"line":42,"column":17},"end":{"line":42,"column":57}},"21":{"start":{"line":43,"column":2},"end":{"line":43,"column":26}},"22":{"start":{"line":33,"column":0},"end":{"line":33,"column":7}}},"fnMap":{"0":{"name":"makeUrl","decl":{"start":{"line":5,"column":9},"end":{"line":5,"column":16}},"loc":{"start":{"line":5,"column":59},"end":{"line":21,"column":1}}},"1":{"name":"getArticles","decl":{"start":{"line":23,"column":22},"end":{"line":23,"column":33}},"loc":{"start":{"line":26,"column":15},"end":{"line":31,"column":1}}},"2":{"name":"getArticle","decl":{"start":{"line":33,"column":22},"end":{"line":33,"column":32}},"loc":{"start":{"line":36,"column":15},"end":{"line":44,"column":1}}}},"branchMap":{"0":{"loc":{"start":{"line":8,"column":2},"end":{"line":13,"column":null}},"type":"if","locations":[{"start":{"line":8,"column":2},"end":{"line":13,"column":null}},{"start":{"line":11,"column":9},"end":{"line":13,"column":null}}]},"1":{"loc":{"start":{"line":42,"column":2},"end":{"line":42,"column":57}},"type":"if","locations":[{"start":{"line":42,"column":2},"end":{"line":42,"column":57}}]}},"s":{"0":1,"1":1,"2":0,"3":0,"4":0,"5":0,"6":0,"7":0,"8":0,"9":0,"10":0,"11":0,"12":0,"13":0,"14":1,"15":0,"16":0,"17":0,"18":0,"19":0,"20":0,"21":0,"22":1},"f":{"0":0,"1":0,"2":0},"b":{"0":[0,0],"1":[0]}}
,"D:\\JS_Learning\\rss-react\\src\\utils\\APIWorking\\constants.ts": {"path":"D:\\JS_Learning\\rss-react\\src\\utils\\APIWorking\\constants.ts","statementMap":{"0":{"start":{"line":1,"column":16},"end":{"line":1,"column":50}},"1":{"start":{"line":18,"column":2},"end":{"line":18,"column":9}},"2":{"start":{"line":2,"column":22},"end":{"line":2,"column":30}},"3":{"start":{"line":17,"column":2},"end":{"line":17,"column":15}},"4":{"start":{"line":4,"column":28},"end":{"line":4,"column":63}},"5":{"start":{"line":19,"column":2},"end":{"line":19,"column":21}},"6":{"start":{"line":5,"column":31},"end":{"line":5,"column":69}},"7":{"start":{"line":20,"column":2},"end":{"line":20,"column":24}},"8":{"start":{"line":7,"column":23},"end":{"line":7,"column":33}},"9":{"start":{"line":21,"column":2},"end":{"line":21,"column":16}},"10":{"start":{"line":8,"column":17},"end":{"line":8,"column":21}},"11":{"start":{"line":22,"column":2},"end":{"line":22,"column":10}},"12":{"start":{"line":10,"column":31},"end":{"line":10,"column":34}},"13":{"start":{"line":26,"column":2},"end":{"line":26,"column":24}},"14":{"start":{"line":11,"column":29},"end":{"line":11,"column":39}},"15":{"start":{"line":23,"column":2},"end":{"line":23,"column":22}},"16":{"start":{"line":13,"column":26},"end":{"line":13,"column":32}},"17":{"start":{"line":24,"column":2},"end":{"line":24,"column":19}},"18":{"start":{"line":14,"column":21},"end":{"line":14,"column":24}},"19":{"start":{"line":25,"column":2},"end":{"line":25,"column":14}}},"fnMap":{},"branchMap":{},"s":{"0":1,"1":1,"2":1,"3":1,"4":1,"5":1,"6":1,"7":1,"8":1,"9":1,"10":1,"11":1,"12":1,"13":1,"14":1,"15":1,"16":1,"17":1,"18":1,"19":1},"f":{},"b":{}}
,"D:\\JS_Learning\\rss-react\\src\\utils\\StorageWorking\\StorageWorking.ts": {"path":"D:\\JS_Learning\\rss-react\\src\\utils\\StorageWorking\\StorageWorking.ts","statementMap":{"0":{"start":{"line":1,"column":0},"end":{"line":1,"column":70}},"1":{"start":{"line":3,"column":18},"end":{"line":14,"column":1}},"2":{"start":{"line":4,"column":23},"end":{"line":4,"column":36}},"3":{"start":{"line":6,"column":2},"end":{"line":11,"column":5}},"4":{"start":{"line":7,"column":33},"end":{"line":7,"column":58}},"5":{"start":{"line":8,"column":4},"end":{"line":10,"column":null}},"6":{"start":{"line":9,"column":6},"end":{"line":9,"column":25}},"7":{"start":{"line":13,"column":2},"end":{"line":13,"column":15}},"8":{"start":{"line":16,"column":21},"end":{"line":16,"column":32}},"9":{"start":{"line":28,"column":9},"end":{"line":28,"column":14}},"10":{"start":{"line":18,"column":18},"end":{"line":20,"column":1}},"11":{"start":{"line":19,"column":2},"end":{"line":19,"column":21}},"12":{"start":{"line":28,"column":16},"end":{"line":28,"column":25}},"13":{"start":{"line":22,"column":0},"end":{"line":26,"column":3}},"14":{"start":{"line":23,"column":2},"end":{"line":25,"column":5}},"15":{"start":{"line":24,"column":4},"end":{"line":24,"column":37}}},"fnMap":{"0":{"name":"(anonymous_0)","decl":{"start":{"line":3,"column":18},"end":{"line":3,"column":28}},"loc":{"start":{"line":3,"column":30},"end":{"line":14,"column":1}}},"1":{"name":"(anonymous_1)","decl":{"start":{"line":6,"column":37},"end":{"line":6,"column":38}},"loc":{"start":{"line":6,"column":59},"end":{"line":11,"column":3}}},"2":{"name":"(anonymous_2)","decl":{"start":{"line":18,"column":18},"end":{"line":18,"column":19}},"loc":{"start":{"line":18,"column":60},"end":{"line":20,"column":1}}},"3":{"name":"(anonymous_3)","decl":{"start":{"line":22,"column":40},"end":{"line":22,"column":49}},"loc":{"start":{"line":22,"column":51},"end":{"line":26,"column":1}}},"4":{"name":"(anonymous_4)","decl":{"start":{"line":23,"column":32},"end":{"line":23,"column":33}},"loc":{"start":{"line":23,"column":55},"end":{"line":25,"column":3}}}},"branchMap":{"0":{"loc":{"start":{"line":8,"column":4},"end":{"line":10,"column":null}},"type":"if","locations":[{"start":{"line":8,"column":4},"end":{"line":10,"column":null}}]}},"s":{"0":1,"1":1,"2":1,"3":1,"4":3,"5":3,"6":0,"7":1,"8":1,"9":1,"10":1,"11":0,"12":1,"13":1,"14":0,"15":0},"f":{"0":1,"1":3,"2":0,"3":0,"4":0},"b":{"0":[0]}}
,"D:\\JS_Learning\\rss-react\\src\\utils\\StorageWorking\\types.ts": {"path":"D:\\JS_Learning\\rss-react\\src\\utils\\StorageWorking\\types.ts","statementMap":{"0":{"start":{"line":11,"column":13},"end":{"line":15,"column":2}}},"fnMap":{},"branchMap":{},"s":{"0":1},"f":{},"b":{}}
}
